1739556665163|6|statement|connection 1|url jdbc:hsqldb:hsql://localhost/xdb|select * from information_schema.sequences|select * from information_schema.sequences
1739556665194|1|statement|connection 1|url jdbc:hsqldb:hsql://localhost/xdb|create table ALUMNO (id_alumno integer generated by default as identity (start with 1), cierre_nota integer, cierre_tp boolean, curso varchar(255), email varchar(255), fecha_notif date, legajo integer, nombre varchar(255), primary key (id_alumno))|create table ALUMNO (id_alumno integer generated by default as identity (start with 1), cierre_nota integer, cierre_tp boolean, curso varchar(255), email varchar(255), fecha_notif date, legajo integer, nombre varchar(255), primary key (id_alumno))
1739556665195|0|statement|connection 1|url jdbc:hsqldb:hsql://localhost/xdb|create table INSTANCIA (id_instancia integer generated by default as identity (start with 1), descripcion varchar(255), flg_activa integer, primary key (id_instancia))|create table INSTANCIA (id_instancia integer generated by default as identity (start with 1), descripcion varchar(255), flg_activa integer, primary key (id_instancia))
1739556665196|0|statement|connection 1|url jdbc:hsqldb:hsql://localhost/xdb|create table NRESPUESTA (id_respuesta integer generated by default as identity (start with 1), calificacion integer, calificacion_manual integer, fecha timestamp, fecha_notif timestamp, respuestas_b3 varchar(255), ult_actualizacion timestamp, id_alumno integer, id_instancia integer, id_tema integer, primary key (id_respuesta))|create table NRESPUESTA (id_respuesta integer generated by default as identity (start with 1), calificacion integer, calificacion_manual integer, fecha timestamp, fecha_notif timestamp, respuestas_b3 varchar(255), ult_actualizacion timestamp, id_alumno integer, id_instancia integer, id_tema integer, primary key (id_respuesta))
1739556665197|0|statement|connection 1|url jdbc:hsqldb:hsql://localhost/xdb|create table NSEGUIMIENTO (id_seguimiento integer generated by default as identity (start with 1), fecha date, fecha_notif date, valoracion double, id_alumno integer, id_seguimiento_opcion integer, primary key (id_seguimiento))|create table NSEGUIMIENTO (id_seguimiento integer generated by default as identity (start with 1), fecha date, fecha_notif date, valoracion double, id_alumno integer, id_seguimiento_opcion integer, primary key (id_seguimiento))
1739556665198|0|statement|connection 1|url jdbc:hsqldb:hsql://localhost/xdb|create table NTEMA (id_tema integer generated by default as identity (start with 1), coef_error integer, flg_manual integer, min_requerido integer, nro_tema integer, ult_actualizacion timestamp, vf_esperado varchar(255), id_instancia integer, primary key (id_tema))|create table NTEMA (id_tema integer generated by default as identity (start with 1), coef_error integer, flg_manual integer, min_requerido integer, nro_tema integer, ult_actualizacion timestamp, vf_esperado varchar(255), id_instancia integer, primary key (id_tema))
1739556665199|0|statement|connection 1|url jdbc:hsqldb:hsql://localhost/xdb|create table PP (id integer not null, descripcion varchar(255), fec date, primary key (id))|create table PP (id integer not null, descripcion varchar(255), fec date, primary key (id))
1739556665199|0|statement|connection 1|url jdbc:hsqldb:hsql://localhost/xdb|create table SEGUIMIENTO_OPCION (id_seguimiento_opcion integer generated by default as identity (start with 1), descripcion varchar(255), orden integer, valoracion double, primary key (id_seguimiento_opcion))|create table SEGUIMIENTO_OPCION (id_seguimiento_opcion integer generated by default as identity (start with 1), descripcion varchar(255), orden integer, valoracion double, primary key (id_seguimiento_opcion))
1739556665201|0|statement|connection 1|url jdbc:hsqldb:hsql://localhost/xdb|alter table NRESPUESTA add constraint FKcspsht4rrdnqixvudlpe2bfhn foreign key (id_alumno) references ALUMNO|alter table NRESPUESTA add constraint FKcspsht4rrdnqixvudlpe2bfhn foreign key (id_alumno) references ALUMNO
1739556665202|0|statement|connection 1|url jdbc:hsqldb:hsql://localhost/xdb|alter table NRESPUESTA add constraint FK95nni272k2uhyilygu20pw58g foreign key (id_instancia) references INSTANCIA|alter table NRESPUESTA add constraint FK95nni272k2uhyilygu20pw58g foreign key (id_instancia) references INSTANCIA
1739556665202|0|statement|connection 1|url jdbc:hsqldb:hsql://localhost/xdb|alter table NRESPUESTA add constraint FK39x5oir58lgaihn80f5atw1dn foreign key (id_tema) references NTEMA|alter table NRESPUESTA add constraint FK39x5oir58lgaihn80f5atw1dn foreign key (id_tema) references NTEMA
1739556665203|0|statement|connection 1|url jdbc:hsqldb:hsql://localhost/xdb|alter table NSEGUIMIENTO add constraint FKb9m3313svnu32k3xjly6m2t9j foreign key (id_alumno) references ALUMNO|alter table NSEGUIMIENTO add constraint FKb9m3313svnu32k3xjly6m2t9j foreign key (id_alumno) references ALUMNO
1739556665203|0|statement|connection 1|url jdbc:hsqldb:hsql://localhost/xdb|alter table NSEGUIMIENTO add constraint FKh5mtunes066yjtcn1gjs18nab foreign key (id_seguimiento_opcion) references SEGUIMIENTO_OPCION|alter table NSEGUIMIENTO add constraint FKh5mtunes066yjtcn1gjs18nab foreign key (id_seguimiento_opcion) references SEGUIMIENTO_OPCION
1739556665204|0|statement|connection 1|url jdbc:hsqldb:hsql://localhost/xdb|alter table NTEMA add constraint FKciwb2cc5ayvvk9150osxtevjq foreign key (id_instancia) references INSTANCIA|alter table NTEMA add constraint FKciwb2cc5ayvvk9150osxtevjq foreign key (id_instancia) references INSTANCIA
1739556791761|6|statement|connection 1|url jdbc:hsqldb:hsql://localhost/xdb|select * from information_schema.sequences|select * from information_schema.sequences
1739556791817|0|statement|connection 1|url jdbc:hsqldb:hsql://localhost/xdb|select * from "PUBLIC"."ALUMNO" where 1=0|select * from "PUBLIC"."ALUMNO" where 1=0
1739556791822|0|statement|connection 1|url jdbc:hsqldb:hsql://localhost/xdb|select * from "PUBLIC"."INSTANCIA" where 1=0|select * from "PUBLIC"."INSTANCIA" where 1=0
1739556791825|0|statement|connection 1|url jdbc:hsqldb:hsql://localhost/xdb|select * from "PUBLIC"."NTEMA" where 1=0|select * from "PUBLIC"."NTEMA" where 1=0
1739556791831|0|statement|connection 1|url jdbc:hsqldb:hsql://localhost/xdb|select * from "PUBLIC"."ALUMNO" where 1=0|select * from "PUBLIC"."ALUMNO" where 1=0
1739556791833|0|statement|connection 1|url jdbc:hsqldb:hsql://localhost/xdb|select * from "PUBLIC"."SEGUIMIENTO_OPCION" where 1=0|select * from "PUBLIC"."SEGUIMIENTO_OPCION" where 1=0
1739556791837|0|statement|connection 1|url jdbc:hsqldb:hsql://localhost/xdb|select * from "PUBLIC"."INSTANCIA" where 1=0|select * from "PUBLIC"."INSTANCIA" where 1=0
1739556821506|4|statement|connection 1|url jdbc:hsqldb:hsql://localhost/xdb|select * from information_schema.sequences|select * from information_schema.sequences
1739556821549|1|statement|connection 1|url jdbc:hsqldb:hsql://localhost/xdb|select * from "PUBLIC"."ALUMNO" where 1=0|select * from "PUBLIC"."ALUMNO" where 1=0
1739556821553|0|statement|connection 1|url jdbc:hsqldb:hsql://localhost/xdb|select * from "PUBLIC"."INSTANCIA" where 1=0|select * from "PUBLIC"."INSTANCIA" where 1=0
1739556821556|0|statement|connection 1|url jdbc:hsqldb:hsql://localhost/xdb|select * from "PUBLIC"."NTEMA" where 1=0|select * from "PUBLIC"."NTEMA" where 1=0
1739556821562|0|statement|connection 1|url jdbc:hsqldb:hsql://localhost/xdb|select * from "PUBLIC"."ALUMNO" where 1=0|select * from "PUBLIC"."ALUMNO" where 1=0
1739556821564|0|statement|connection 1|url jdbc:hsqldb:hsql://localhost/xdb|select * from "PUBLIC"."SEGUIMIENTO_OPCION" where 1=0|select * from "PUBLIC"."SEGUIMIENTO_OPCION" where 1=0
1739556821567|0|statement|connection 1|url jdbc:hsqldb:hsql://localhost/xdb|select * from "PUBLIC"."INSTANCIA" where 1=0|select * from "PUBLIC"."INSTANCIA" where 1=0
1739557077284|6|statement|connection 1|url jdbc:hsqldb:hsql://localhost/xdb|select * from information_schema.sequences|select * from information_schema.sequences
1739557077327|0|statement|connection 1|url jdbc:hsqldb:hsql://localhost/xdb|select * from "PUBLIC"."ALUMNO" where 1=0|select * from "PUBLIC"."ALUMNO" where 1=0
1739557077331|0|statement|connection 1|url jdbc:hsqldb:hsql://localhost/xdb|select * from "PUBLIC"."INSTANCIA" where 1=0|select * from "PUBLIC"."INSTANCIA" where 1=0
1739557077334|0|statement|connection 1|url jdbc:hsqldb:hsql://localhost/xdb|select * from "PUBLIC"."NTEMA" where 1=0|select * from "PUBLIC"."NTEMA" where 1=0
1739557077341|0|statement|connection 1|url jdbc:hsqldb:hsql://localhost/xdb|select * from "PUBLIC"."ALUMNO" where 1=0|select * from "PUBLIC"."ALUMNO" where 1=0
1739557077344|0|statement|connection 1|url jdbc:hsqldb:hsql://localhost/xdb|select * from "PUBLIC"."SEGUIMIENTO_OPCION" where 1=0|select * from "PUBLIC"."SEGUIMIENTO_OPCION" where 1=0
1739557077348|0|statement|connection 1|url jdbc:hsqldb:hsql://localhost/xdb|select * from "PUBLIC"."INSTANCIA" where 1=0|select * from "PUBLIC"."INSTANCIA" where 1=0
1739557152160|5|statement|connection 1|url jdbc:hsqldb:hsql://localhost/xdb|select * from information_schema.sequences|select * from information_schema.sequences
1739557152207|0|statement|connection 1|url jdbc:hsqldb:hsql://localhost/xdb|select * from "PUBLIC"."ALUMNO" where 1=0|select * from "PUBLIC"."ALUMNO" where 1=0
1739557152211|0|statement|connection 1|url jdbc:hsqldb:hsql://localhost/xdb|select * from "PUBLIC"."INSTANCIA" where 1=0|select * from "PUBLIC"."INSTANCIA" where 1=0
1739557152214|0|statement|connection 1|url jdbc:hsqldb:hsql://localhost/xdb|select * from "PUBLIC"."NTEMA" where 1=0|select * from "PUBLIC"."NTEMA" where 1=0
1739557152219|0|statement|connection 1|url jdbc:hsqldb:hsql://localhost/xdb|select * from "PUBLIC"."ALUMNO" where 1=0|select * from "PUBLIC"."ALUMNO" where 1=0
1739557152221|0|statement|connection 1|url jdbc:hsqldb:hsql://localhost/xdb|select * from "PUBLIC"."SEGUIMIENTO_OPCION" where 1=0|select * from "PUBLIC"."SEGUIMIENTO_OPCION" where 1=0
1739557152228|0|statement|connection 1|url jdbc:hsqldb:hsql://localhost/xdb|select * from "PUBLIC"."INSTANCIA" where 1=0|select * from "PUBLIC"."INSTANCIA" where 1=0
1739557176230|5|statement|connection 1|url jdbc:hsqldb:hsql://localhost/xdb|select * from information_schema.sequences|select * from information_schema.sequences
1739557176276|1|statement|connection 1|url jdbc:hsqldb:hsql://localhost/xdb|select * from "PUBLIC"."ALUMNO" where 1=0|select * from "PUBLIC"."ALUMNO" where 1=0
1739557176280|0|statement|connection 1|url jdbc:hsqldb:hsql://localhost/xdb|select * from "PUBLIC"."INSTANCIA" where 1=0|select * from "PUBLIC"."INSTANCIA" where 1=0
1739557176283|0|statement|connection 1|url jdbc:hsqldb:hsql://localhost/xdb|select * from "PUBLIC"."NTEMA" where 1=0|select * from "PUBLIC"."NTEMA" where 1=0
1739557176289|0|statement|connection 1|url jdbc:hsqldb:hsql://localhost/xdb|select * from "PUBLIC"."ALUMNO" where 1=0|select * from "PUBLIC"."ALUMNO" where 1=0
1739557176291|0|statement|connection 1|url jdbc:hsqldb:hsql://localhost/xdb|select * from "PUBLIC"."SEGUIMIENTO_OPCION" where 1=0|select * from "PUBLIC"."SEGUIMIENTO_OPCION" where 1=0
1739557176295|0|statement|connection 1|url jdbc:hsqldb:hsql://localhost/xdb|select * from "PUBLIC"."INSTANCIA" where 1=0|select * from "PUBLIC"."INSTANCIA" where 1=0
1739557189598|3|statement|connection 1|url jdbc:hsqldb:hsql://localhost/xdb|select * from information_schema.sequences|select * from information_schema.sequences
1739557189643|1|statement|connection 1|url jdbc:hsqldb:hsql://localhost/xdb|select * from "PUBLIC"."ALUMNO" where 1=0|select * from "PUBLIC"."ALUMNO" where 1=0
1739557189647|0|statement|connection 1|url jdbc:hsqldb:hsql://localhost/xdb|select * from "PUBLIC"."INSTANCIA" where 1=0|select * from "PUBLIC"."INSTANCIA" where 1=0
1739557189650|0|statement|connection 1|url jdbc:hsqldb:hsql://localhost/xdb|select * from "PUBLIC"."NTEMA" where 1=0|select * from "PUBLIC"."NTEMA" where 1=0
1739557189659|0|statement|connection 1|url jdbc:hsqldb:hsql://localhost/xdb|select * from "PUBLIC"."ALUMNO" where 1=0|select * from "PUBLIC"."ALUMNO" where 1=0
1739557189661|0|statement|connection 1|url jdbc:hsqldb:hsql://localhost/xdb|select * from "PUBLIC"."SEGUIMIENTO_OPCION" where 1=0|select * from "PUBLIC"."SEGUIMIENTO_OPCION" where 1=0
1739557189665|0|statement|connection 1|url jdbc:hsqldb:hsql://localhost/xdb|select * from "PUBLIC"."INSTANCIA" where 1=0|select * from "PUBLIC"."INSTANCIA" where 1=0
1739557472261|4|statement|connection 1|url jdbc:hsqldb:hsql://localhost/xdb|select * from information_schema.sequences|select * from information_schema.sequences
1739557472309|0|statement|connection 1|url jdbc:hsqldb:hsql://localhost/xdb|select * from "PUBLIC"."ALUMNO" where 1=0|select * from "PUBLIC"."ALUMNO" where 1=0
1739557472313|0|statement|connection 1|url jdbc:hsqldb:hsql://localhost/xdb|select * from "PUBLIC"."INSTANCIA" where 1=0|select * from "PUBLIC"."INSTANCIA" where 1=0
1739557472315|0|statement|connection 1|url jdbc:hsqldb:hsql://localhost/xdb|select * from "PUBLIC"."NTEMA" where 1=0|select * from "PUBLIC"."NTEMA" where 1=0
1739557472321|0|statement|connection 1|url jdbc:hsqldb:hsql://localhost/xdb|select * from "PUBLIC"."ALUMNO" where 1=0|select * from "PUBLIC"."ALUMNO" where 1=0
1739557472324|0|statement|connection 1|url jdbc:hsqldb:hsql://localhost/xdb|select * from "PUBLIC"."SEGUIMIENTO_OPCION" where 1=0|select * from "PUBLIC"."SEGUIMIENTO_OPCION" where 1=0
1739557472327|0|statement|connection 1|url jdbc:hsqldb:hsql://localhost/xdb|select * from "PUBLIC"."INSTANCIA" where 1=0|select * from "PUBLIC"."INSTANCIA" where 1=0
1739558668474|5|statement|connection 1|url jdbc:hsqldb:hsql://localhost/xdb|select * from information_schema.sequences|select * from information_schema.sequences
1739558668516|0|statement|connection 1|url jdbc:hsqldb:hsql://localhost/xdb|select * from "PUBLIC"."ALUMNO" where 1=0|select * from "PUBLIC"."ALUMNO" where 1=0
1739558668520|0|statement|connection 1|url jdbc:hsqldb:hsql://localhost/xdb|select * from "PUBLIC"."INSTANCIA" where 1=0|select * from "PUBLIC"."INSTANCIA" where 1=0
1739558668523|0|statement|connection 1|url jdbc:hsqldb:hsql://localhost/xdb|select * from "PUBLIC"."NTEMA" where 1=0|select * from "PUBLIC"."NTEMA" where 1=0
1739558668528|0|statement|connection 1|url jdbc:hsqldb:hsql://localhost/xdb|select * from "PUBLIC"."ALUMNO" where 1=0|select * from "PUBLIC"."ALUMNO" where 1=0
1739558668530|0|statement|connection 1|url jdbc:hsqldb:hsql://localhost/xdb|select * from "PUBLIC"."SEGUIMIENTO_OPCION" where 1=0|select * from "PUBLIC"."SEGUIMIENTO_OPCION" where 1=0
1739558668533|0|statement|connection 1|url jdbc:hsqldb:hsql://localhost/xdb|select * from "PUBLIC"."INSTANCIA" where 1=0|select * from "PUBLIC"."INSTANCIA" where 1=0
1739558668850|0|statement|connection 2|url jdbc:hsqldb:hsql://localhost/xdb|select instancia0_.id_instancia as id_insta1_1_, instancia0_.descripcion as descripc2_1_, instancia0_.flg_activa as flg_acti3_1_ from INSTANCIA instancia0_|select instancia0_.id_instancia as id_insta1_1_, instancia0_.descripcion as descripc2_1_, instancia0_.flg_activa as flg_acti3_1_ from INSTANCIA instancia0_
1739558708786|4|statement|connection 1|url jdbc:hsqldb:hsql://localhost/xdb|select * from information_schema.sequences|select * from information_schema.sequences
1739558708814|0|statement|connection 1|url jdbc:hsqldb:hsql://localhost/xdb|select * from "PUBLIC"."ALUMNO" where 1=0|select * from "PUBLIC"."ALUMNO" where 1=0
1739558708818|0|statement|connection 1|url jdbc:hsqldb:hsql://localhost/xdb|select * from "PUBLIC"."INSTANCIA" where 1=0|select * from "PUBLIC"."INSTANCIA" where 1=0
1739558708821|0|statement|connection 1|url jdbc:hsqldb:hsql://localhost/xdb|select * from "PUBLIC"."NTEMA" where 1=0|select * from "PUBLIC"."NTEMA" where 1=0
1739558708826|0|statement|connection 1|url jdbc:hsqldb:hsql://localhost/xdb|select * from "PUBLIC"."ALUMNO" where 1=0|select * from "PUBLIC"."ALUMNO" where 1=0
1739558708829|0|statement|connection 1|url jdbc:hsqldb:hsql://localhost/xdb|select * from "PUBLIC"."SEGUIMIENTO_OPCION" where 1=0|select * from "PUBLIC"."SEGUIMIENTO_OPCION" where 1=0
1739558708832|0|statement|connection 1|url jdbc:hsqldb:hsql://localhost/xdb|select * from "PUBLIC"."INSTANCIA" where 1=0|select * from "PUBLIC"."INSTANCIA" where 1=0
1739558709115|0|statement|connection 2|url jdbc:hsqldb:hsql://localhost/xdb|select instancia0_.id_instancia as id_insta1_1_, instancia0_.descripcion as descripc2_1_, instancia0_.flg_activa as flg_acti3_1_ from INSTANCIA instancia0_|select instancia0_.id_instancia as id_insta1_1_, instancia0_.descripcion as descripc2_1_, instancia0_.flg_activa as flg_acti3_1_ from INSTANCIA instancia0_
1739558740045|2|statement|connection 1|url jdbc:hsqldb:hsql://localhost/xdb|select * from information_schema.sequences|select * from information_schema.sequences
1739558740073|0|statement|connection 1|url jdbc:hsqldb:hsql://localhost/xdb|select * from "PUBLIC"."ALUMNO" where 1=0|select * from "PUBLIC"."ALUMNO" where 1=0
1739558740075|0|statement|connection 1|url jdbc:hsqldb:hsql://localhost/xdb|select * from "PUBLIC"."INSTANCIA" where 1=0|select * from "PUBLIC"."INSTANCIA" where 1=0
1739558740078|0|statement|connection 1|url jdbc:hsqldb:hsql://localhost/xdb|select * from "PUBLIC"."NTEMA" where 1=0|select * from "PUBLIC"."NTEMA" where 1=0
1739558740083|0|statement|connection 1|url jdbc:hsqldb:hsql://localhost/xdb|select * from "PUBLIC"."ALUMNO" where 1=0|select * from "PUBLIC"."ALUMNO" where 1=0
1739558740085|0|statement|connection 1|url jdbc:hsqldb:hsql://localhost/xdb|select * from "PUBLIC"."SEGUIMIENTO_OPCION" where 1=0|select * from "PUBLIC"."SEGUIMIENTO_OPCION" where 1=0
1739558740088|0|statement|connection 1|url jdbc:hsqldb:hsql://localhost/xdb|select * from "PUBLIC"."INSTANCIA" where 1=0|select * from "PUBLIC"."INSTANCIA" where 1=0
1739558740385|0|statement|connection 2|url jdbc:hsqldb:hsql://localhost/xdb|select alumno0_.id_alumno as id_alumn1_0_, alumno0_.cierre_nota as cierre_n2_0_, alumno0_.cierre_tp as cierre_t3_0_, alumno0_.curso as curso4_0_, alumno0_.email as email5_0_, alumno0_.fecha_notif as fecha_no6_0_, alumno0_.legajo as legajo7_0_, alumno0_.nombre as nombre8_0_ from ALUMNO alumno0_|select alumno0_.id_alumno as id_alumn1_0_, alumno0_.cierre_nota as cierre_n2_0_, alumno0_.cierre_tp as cierre_t3_0_, alumno0_.curso as curso4_0_, alumno0_.email as email5_0_, alumno0_.fecha_notif as fecha_no6_0_, alumno0_.legajo as legajo7_0_, alumno0_.nombre as nombre8_0_ from ALUMNO alumno0_
1739571225724|6|statement|connection 1|url jdbc:hsqldb:hsql://localhost/xdb|select * from information_schema.sequences|select * from information_schema.sequences
1739571225768|1|statement|connection 1|url jdbc:hsqldb:hsql://localhost/xdb|select * from "PUBLIC"."ALUMNO" where 1=0|select * from "PUBLIC"."ALUMNO" where 1=0
1739571225772|0|statement|connection 1|url jdbc:hsqldb:hsql://localhost/xdb|select * from "PUBLIC"."INSTANCIA" where 1=0|select * from "PUBLIC"."INSTANCIA" where 1=0
1739571225775|0|statement|connection 1|url jdbc:hsqldb:hsql://localhost/xdb|select * from "PUBLIC"."NTEMA" where 1=0|select * from "PUBLIC"."NTEMA" where 1=0
1739571225780|0|statement|connection 1|url jdbc:hsqldb:hsql://localhost/xdb|select * from "PUBLIC"."ALUMNO" where 1=0|select * from "PUBLIC"."ALUMNO" where 1=0
1739571225782|0|statement|connection 1|url jdbc:hsqldb:hsql://localhost/xdb|select * from "PUBLIC"."SEGUIMIENTO_OPCION" where 1=0|select * from "PUBLIC"."SEGUIMIENTO_OPCION" where 1=0
1739571225785|0|statement|connection 1|url jdbc:hsqldb:hsql://localhost/xdb|select * from "PUBLIC"."INSTANCIA" where 1=0|select * from "PUBLIC"."INSTANCIA" where 1=0
1739571226088|0|statement|connection 2|url jdbc:hsqldb:hsql://localhost/xdb|select alumno0_.id_alumno as id_alumn1_0_, alumno0_.cierre_nota as cierre_n2_0_, alumno0_.cierre_tp as cierre_t3_0_, alumno0_.curso as curso4_0_, alumno0_.email as email5_0_, alumno0_.fecha_notif as fecha_no6_0_, alumno0_.legajo as legajo7_0_, alumno0_.nombre as nombre8_0_ from ALUMNO alumno0_|select alumno0_.id_alumno as id_alumn1_0_, alumno0_.cierre_nota as cierre_n2_0_, alumno0_.cierre_tp as cierre_t3_0_, alumno0_.curso as curso4_0_, alumno0_.email as email5_0_, alumno0_.fecha_notif as fecha_no6_0_, alumno0_.legajo as legajo7_0_, alumno0_.nombre as nombre8_0_ from ALUMNO alumno0_
